🚀 Работаем в DEV среде: /opt/dev
✅ Создана директория: /opt/dev/ml/core
✅ Создана директория: /opt/dev/ml/ensemble
✅ Создана директория: /opt/dev/ml/features
✅ Создана директория: /opt/dev/ml/learning
✅ Создана директория: /opt/dev/ml/utils
✅ Создана директория: /opt/dev/services/auto_learning
✅ Создана директория: /opt/dev/services/telegram
✅ Создана директория: /opt/dev/services/monitoring
✅ Создана директория: /opt/dev/data/datasets
✅ Создана директория: /opt/dev/data/models
✅ Создана директория: /opt/dev/data/analytics
✅ Создана директория: /opt/dev/data/logs
🔄 Миграция данных из старой структуры в DEV...
📁 Файл уже существует в DEV: /opt/dev/data/models/simple_model.pth
📁 Файл уже существует в DEV: /opt/dev/data/datasets/dataset.json
📁 Файл уже существует в DEV: /opt/dev/data/analytics/service_state.json
📁 Файл уже существует в DEV: /opt/dev/services/telegram/telegram_config.json
🎯 Мигрировано файлов: 0/4
🔄 Миграция данных из старой структуры в DEV...
📁 Файл уже существует в DEV: /opt/dev/data/models/simple_model.pth
📁 Файл уже существует в DEV: /opt/dev/data/datasets/dataset.json
📁 Файл уже существует в DEV: /opt/dev/data/analytics/service_state.json
📁 Файл уже существует в DEV: /opt/dev/services/telegram/telegram_config.json
🎯 Мигрировано файлов: 0/4
⚠️  Обнаружен старый формат данных, используем обертку
2025-11-09 08:29:35 - ml_system - INFO - ✅ УСИЛЕННАЯ нейросеть загружена: /opt/dev/data/models/simple_model.pth
2025-11-09 08:29:35,796 - ml_system - INFO - ✅ УСИЛЕННАЯ нейросеть загружена: /opt/dev/data/models/simple_model.pth
2025-11-09 08:29:35 - ml_system - INFO - ✅ Модель автоматически загружена из новой архитектуры
2025-11-09 08:29:35,797 - ml_system - INFO - ✅ Модель автоматически загружена из новой архитектуры
2025-11-09 08:29:35 - ml_system - INFO - ✅ MLSystemAdapter успешно инициализирован с новой архитектурой
2025-11-09 08:29:35,797 - ml_system - INFO - ✅ MLSystemAdapter успешно инициализирован с новой архитектурой
2025-11-09 08:29:35,797 - AutoLearningService - INFO - ✅ AI система инициализирована через MLSystemAdapter
2025-11-09 08:29:35,798 - AutoLearningService - INFO - 📊 Синхронизирован last_processed_draw из info.json: 309378
2025-11-09 08:29:35,798 - AutoLearningService - INFO - 🔄 Обновляем service_state.json: 309379 -> 309378
2025-11-09 08:29:35,799 - AutoLearningService - INFO - 💾 Состояние сохранено: тираж=309378
2025-11-09 08:29:35,799 - AutoLearningService - INFO - 📦 Состояние сервиса загружено: активен=False, ошибок=0, тираж=309378
2025-11-09 08:29:35,799 - AutoLearningService - INFO - 🔄 Ручной перезапуск сервиса...
2025-11-09 08:29:35,800 - AutoLearningService - INFO - 💾 Состояние сохранено: тираж=309378
2025-11-09 08:29:36,086 - TelegramNotifier - INFO - ✅ Сообщение отправлено в Telegram
✅ Сервис перезапущен
🚀 Работаем в DEV среде: /opt/dev
✅ Создана директория: /opt/dev/ml/core
✅ Создана директория: /opt/dev/ml/ensemble
✅ Создана директория: /opt/dev/ml/features
✅ Создана директория: /opt/dev/ml/learning
✅ Создана директория: /opt/dev/ml/utils
✅ Создана директория: /opt/dev/services/auto_learning
✅ Создана директория: /opt/dev/services/telegram
✅ Создана директория: /opt/dev/services/monitoring
✅ Создана директория: /opt/dev/data/datasets
✅ Создана директория: /opt/dev/data/models
✅ Создана директория: /opt/dev/data/analytics
✅ Создана директория: /opt/dev/data/logs
🔄 Миграция данных из старой структуры в DEV...
📁 Файл уже существует в DEV: /opt/dev/data/models/simple_model.pth
📁 Файл уже существует в DEV: /opt/dev/data/datasets/dataset.json
📁 Файл уже существует в DEV: /opt/dev/data/analytics/service_state.json
📁 Файл уже существует в DEV: /opt/dev/services/telegram/telegram_config.json
🎯 Мигрировано файлов: 0/4
🔄 Миграция данных из старой структуры в DEV...
📁 Файл уже существует в DEV: /opt/dev/data/models/simple_model.pth
📁 Файл уже существует в DEV: /opt/dev/data/datasets/dataset.json
📁 Файл уже существует в DEV: /opt/dev/data/analytics/service_state.json
📁 Файл уже существует в DEV: /opt/dev/services/telegram/telegram_config.json
🎯 Мигрировано файлов: 0/4
⚠️  Обнаружен старый формат данных, используем обертку
2025-11-09 08:46:23 - ml_system - INFO - ✅ УСИЛЕННАЯ нейросеть загружена: /opt/dev/data/models/simple_model.pth
2025-11-09 08:46:23,305 - ml_system - INFO - ✅ УСИЛЕННАЯ нейросеть загружена: /opt/dev/data/models/simple_model.pth
2025-11-09 08:46:23 - ml_system - INFO - ✅ Модель автоматически загружена из новой архитектуры
2025-11-09 08:46:23,306 - ml_system - INFO - ✅ Модель автоматически загружена из новой архитектуры
2025-11-09 08:46:23 - ml_system - INFO - ✅ MLSystemAdapter успешно инициализирован с новой архитектурой
2025-11-09 08:46:23,306 - ml_system - INFO - ✅ MLSystemAdapter успешно инициализирован с новой архитектурой
2025-11-09 08:46:23,306 - AutoLearningService - INFO - ✅ AI система инициализирована через MLSystemAdapter
2025-11-09 08:46:23,307 - AutoLearningService - INFO - 📊 Синхронизирован last_processed_draw из info.json: 309379
2025-11-09 08:46:23,308 - AutoLearningService - INFO - 🔄 Обновляем service_state.json: 309378 -> 309379
2025-11-09 08:46:23,308 - AutoLearningService - INFO - 💾 Состояние сохранено: тираж=309379
2025-11-09 08:46:23,308 - AutoLearningService - INFO - 📦 Состояние сервиса загружено: активен=False, ошибок=0, тираж=309379
2025-11-09 08:46:23,308 - AutoLearningService - INFO - 🔄 Ручной перезапуск сервиса...
2025-11-09 08:46:23,309 - AutoLearningService - INFO - 💾 Состояние сохранено: тираж=309379
2025-11-09 08:46:23,528 - TelegramNotifier - INFO - ✅ Сообщение отправлено в Telegram
✅ Сервис перезапущен
🚀 Работаем в DEV среде: /opt/dev
✅ Создана директория: /opt/dev/ml/core
✅ Создана директория: /opt/dev/ml/ensemble
✅ Создана директория: /opt/dev/ml/features
✅ Создана директория: /opt/dev/ml/learning
✅ Создана директория: /opt/dev/ml/utils
✅ Создана директория: /opt/dev/services/auto_learning
✅ Создана директория: /opt/dev/services/telegram
✅ Создана директория: /opt/dev/services/monitoring
✅ Создана директория: /opt/dev/data/datasets
✅ Создана директория: /opt/dev/data/models
✅ Создана директория: /opt/dev/data/analytics
✅ Создана директория: /opt/dev/data/logs
🔄 Миграция данных из старой структуры в DEV...
📁 Файл уже существует в DEV: /opt/dev/data/models/simple_model.pth
📁 Файл уже существует в DEV: /opt/dev/data/datasets/dataset.json
📁 Файл уже существует в DEV: /opt/dev/data/analytics/service_state.json
📁 Файл уже существует в DEV: /opt/dev/services/telegram/telegram_config.json
🎯 Мигрировано файлов: 0/4
🔄 Миграция данных из старой структуры в DEV...
📁 Файл уже существует в DEV: /opt/dev/data/models/simple_model.pth
📁 Файл уже существует в DEV: /opt/dev/data/datasets/dataset.json
📁 Файл уже существует в DEV: /opt/dev/data/analytics/service_state.json
📁 Файл уже существует в DEV: /opt/dev/services/telegram/telegram_config.json
🎯 Мигрировано файлов: 0/4
⚠️  Обнаружен старый формат данных, используем обертку
2025-11-09 09:00:09 - ml_system - INFO - ✅ УСИЛЕННАЯ нейросеть загружена: /opt/dev/data/models/simple_model.pth
2025-11-09 09:00:09,149 - ml_system - INFO - ✅ УСИЛЕННАЯ нейросеть загружена: /opt/dev/data/models/simple_model.pth
2025-11-09 09:00:09 - ml_system - INFO - ✅ Модель автоматически загружена из новой архитектуры
2025-11-09 09:00:09,150 - ml_system - INFO - ✅ Модель автоматически загружена из новой архитектуры
2025-11-09 09:00:09 - ml_system - INFO - ✅ MLSystemAdapter успешно инициализирован с новой архитектурой
2025-11-09 09:00:09,150 - ml_system - INFO - ✅ MLSystemAdapter успешно инициализирован с новой архитектурой
2025-11-09 09:00:09,150 - AutoLearningService - INFO - ✅ AI система инициализирована через MLSystemAdapter
2025-11-09 09:00:09,152 - AutoLearningService - INFO - 📊 Синхронизирован last_processed_draw из info.json: 309379
2025-11-09 09:00:09,152 - AutoLearningService - INFO - 📦 Состояние сервиса загружено: активен=False, ошибок=0, тираж=309379
2025-11-09 09:00:09,152 - AutoLearningService - INFO - 🔄 Ручной перезапуск сервиса...
2025-11-09 09:00:09,153 - AutoLearningService - INFO - 💾 Состояние сохранено: тираж=309379
2025-11-09 09:00:09,443 - TelegramNotifier - INFO - ✅ Сообщение отправлено в Telegram
✅ Сервис перезапущен
🚀 Работаем в DEV среде: /opt/dev
✅ Создана директория: /opt/dev/ml/core
✅ Создана директория: /opt/dev/ml/ensemble
✅ Создана директория: /opt/dev/ml/features
✅ Создана директория: /opt/dev/ml/learning
✅ Создана директория: /opt/dev/ml/utils
✅ Создана директория: /opt/dev/services/auto_learning
✅ Создана директория: /opt/dev/services/telegram
✅ Создана директория: /opt/dev/services/monitoring
✅ Создана директория: /opt/dev/data/datasets
✅ Создана директория: /opt/dev/data/models
✅ Создана директория: /opt/dev/data/analytics
✅ Создана директория: /opt/dev/data/logs
🔄 Миграция данных из старой структуры в DEV...
📁 Файл уже существует в DEV: /opt/dev/data/models/simple_model.pth
📁 Файл уже существует в DEV: /opt/dev/data/datasets/dataset.json
📁 Файл уже существует в DEV: /opt/dev/data/analytics/service_state.json
📁 Файл уже существует в DEV: /opt/dev/services/telegram/telegram_config.json
🎯 Мигрировано файлов: 0/4
🔄 Миграция данных из старой структуры в DEV...
📁 Файл уже существует в DEV: /opt/dev/data/models/simple_model.pth
📁 Файл уже существует в DEV: /opt/dev/data/datasets/dataset.json
📁 Файл уже существует в DEV: /opt/dev/data/analytics/service_state.json
📁 Файл уже существует в DEV: /opt/dev/services/telegram/telegram_config.json
🎯 Мигрировано файлов: 0/4
⚠️  Обнаружен старый формат данных, используем обертку
2025-11-09 09:01:22 - ml_system - INFO - ✅ УСИЛЕННАЯ нейросеть загружена: /opt/dev/data/models/simple_model.pth
2025-11-09 09:01:22,151 - ml_system - INFO - ✅ УСИЛЕННАЯ нейросеть загружена: /opt/dev/data/models/simple_model.pth
2025-11-09 09:01:22 - ml_system - INFO - ✅ Модель автоматически загружена из новой архитектуры
2025-11-09 09:01:22,152 - ml_system - INFO - ✅ Модель автоматически загружена из новой архитектуры
2025-11-09 09:01:22 - ml_system - INFO - ✅ MLSystemAdapter успешно инициализирован с новой архитектурой
2025-11-09 09:01:22,152 - ml_system - INFO - ✅ MLSystemAdapter успешно инициализирован с новой архитектурой
2025-11-09 09:01:22,152 - AutoLearningService - INFO - ✅ AI система инициализирована через MLSystemAdapter
2025-11-09 09:01:22,154 - AutoLearningService - INFO - 📊 Синхронизирован last_processed_draw из info.json: 309380
2025-11-09 09:01:22,154 - AutoLearningService - INFO - 🔄 Обновляем service_state.json: 309379 -> 309380
2025-11-09 09:01:22,154 - AutoLearningService - INFO - 💾 Состояние сохранено: тираж=309380
2025-11-09 09:01:22,154 - AutoLearningService - INFO - 📦 Состояние сервиса загружено: активен=False, ошибок=0, тираж=309380
2025-11-09 09:01:22,155 - AutoLearningService - INFO - 🔄 Ручной перезапуск сервиса...
2025-11-09 09:01:22,155 - AutoLearningService - INFO - 💾 Состояние сохранено: тираж=309380
2025-11-09 09:01:22,414 - TelegramNotifier - INFO - ✅ Сообщение отправлено в Telegram
✅ Сервис перезапущен
🚀 Работаем в DEV среде: /opt/dev
✅ Создана директория: /opt/dev/ml/core
✅ Создана директория: /opt/dev/ml/ensemble
✅ Создана директория: /opt/dev/ml/features
✅ Создана директория: /opt/dev/ml/learning
✅ Создана директория: /opt/dev/ml/utils
✅ Создана директория: /opt/dev/services/auto_learning
✅ Создана директория: /opt/dev/services/telegram
✅ Создана директория: /opt/dev/services/monitoring
✅ Создана директория: /opt/dev/data/datasets
✅ Создана директория: /opt/dev/data/models
✅ Создана директория: /opt/dev/data/analytics
✅ Создана директория: /opt/dev/data/logs
🔄 Миграция данных из старой структуры в DEV...
📁 Файл уже существует в DEV: /opt/dev/data/models/simple_model.pth
📁 Файл уже существует в DEV: /opt/dev/data/datasets/dataset.json
📁 Файл уже существует в DEV: /opt/dev/data/analytics/service_state.json
📁 Файл уже существует в DEV: /opt/dev/services/telegram/telegram_config.json
🎯 Мигрировано файлов: 0/4
🔄 Миграция данных из старой структуры в DEV...
📁 Файл уже существует в DEV: /opt/dev/data/models/simple_model.pth
📁 Файл уже существует в DEV: /opt/dev/data/datasets/dataset.json
📁 Файл уже существует в DEV: /opt/dev/data/analytics/service_state.json
📁 Файл уже существует в DEV: /opt/dev/services/telegram/telegram_config.json
🎯 Мигрировано файлов: 0/4
⚠️  Обнаружен старый формат данных, используем обертку
2025-11-09 09:27:10 - ml_system - INFO - ✅ УСИЛЕННАЯ нейросеть загружена: /opt/dev/data/models/simple_model.pth
2025-11-09 09:27:10,367 - ml_system - INFO - ✅ УСИЛЕННАЯ нейросеть загружена: /opt/dev/data/models/simple_model.pth
2025-11-09 09:27:10 - ml_system - INFO - ✅ Модель автоматически загружена из новой архитектуры
2025-11-09 09:27:10,368 - ml_system - INFO - ✅ Модель автоматически загружена из новой архитектуры
2025-11-09 09:27:10 - ml_system - INFO - ✅ MLSystemAdapter успешно инициализирован с новой архитектурой
2025-11-09 09:27:10,368 - ml_system - INFO - ✅ MLSystemAdapter успешно инициализирован с новой архитектурой
2025-11-09 09:27:10,368 - AutoLearningService - INFO - ✅ AI система инициализирована через MLSystemAdapter
2025-11-09 09:27:10,370 - AutoLearningService - INFO - 📊 Синхронизирован last_processed_draw из info.json: 309380
2025-11-09 09:27:10,370 - AutoLearningService - INFO - 📦 Состояние сервиса загружено: активен=False, ошибок=0, тираж=309380
2025-11-09 09:27:10,370 - AutoLearningService - INFO - 🔄 Ручной перезапуск сервиса...
2025-11-09 09:27:10,371 - AutoLearningService - INFO - 💾 Состояние сохранено: тираж=309380
2025-11-09 09:27:10,614 - TelegramNotifier - INFO - ✅ Сообщение отправлено в Telegram
✅ Сервис перезапущен
🚀 Работаем в DEV среде: /opt/dev
✅ Создана директория: /opt/dev/ml/core
✅ Создана директория: /opt/dev/ml/ensemble
✅ Создана директория: /opt/dev/ml/features
✅ Создана директория: /opt/dev/ml/learning
✅ Создана директория: /opt/dev/ml/utils
✅ Создана директория: /opt/dev/services/auto_learning
✅ Создана директория: /opt/dev/services/telegram
✅ Создана директория: /opt/dev/services/monitoring
✅ Создана директория: /opt/dev/data/datasets
✅ Создана директория: /opt/dev/data/models
✅ Создана директория: /opt/dev/data/analytics
✅ Создана директория: /opt/dev/data/logs
🔄 Миграция данных из старой структуры в DEV...
📁 Файл уже существует в DEV: /opt/dev/data/models/simple_model.pth
📁 Файл уже существует в DEV: /opt/dev/data/datasets/dataset.json
📁 Файл уже существует в DEV: /opt/dev/data/analytics/service_state.json
📁 Файл уже существует в DEV: /opt/dev/services/telegram/telegram_config.json
🎯 Мигрировано файлов: 0/4
🔄 Миграция данных из старой структуры в DEV...
📁 Файл уже существует в DEV: /opt/dev/data/models/simple_model.pth
📁 Файл уже существует в DEV: /opt/dev/data/datasets/dataset.json
📁 Файл уже существует в DEV: /opt/dev/data/analytics/service_state.json
📁 Файл уже существует в DEV: /opt/dev/services/telegram/telegram_config.json
🎯 Мигрировано файлов: 0/4
⚠️  Обнаружен старый формат данных, используем обертку
2025-11-09 09:28:21 - ml_system - INFO - ✅ УСИЛЕННАЯ нейросеть загружена: /opt/dev/data/models/simple_model.pth
2025-11-09 09:28:21,536 - ml_system - INFO - ✅ УСИЛЕННАЯ нейросеть загружена: /opt/dev/data/models/simple_model.pth
2025-11-09 09:28:21 - ml_system - INFO - ✅ Модель автоматически загружена из новой архитектуры
2025-11-09 09:28:21,537 - ml_system - INFO - ✅ Модель автоматически загружена из новой архитектуры
2025-11-09 09:28:21 - ml_system - INFO - ✅ MLSystemAdapter успешно инициализирован с новой архитектурой
2025-11-09 09:28:21,537 - ml_system - INFO - ✅ MLSystemAdapter успешно инициализирован с новой архитектурой
2025-11-09 09:28:21,537 - AutoLearningService - INFO - ✅ AI система инициализирована через MLSystemAdapter
2025-11-09 09:28:21,539 - AutoLearningService - INFO - 📊 Синхронизирован last_processed_draw из info.json: 309381
2025-11-09 09:28:21,539 - AutoLearningService - INFO - 🔄 Обновляем service_state.json: 309380 -> 309381
2025-11-09 09:28:21,540 - AutoLearningService - INFO - 💾 Состояние сохранено: тираж=309381
2025-11-09 09:28:21,540 - AutoLearningService - INFO - 📦 Состояние сервиса загружено: активен=False, ошибок=0, тираж=309381
2025-11-09 09:28:21,541 - AutoLearningService - INFO - 🔄 Ручной перезапуск сервиса...
2025-11-09 09:28:21,541 - AutoLearningService - INFO - 💾 Состояние сохранено: тираж=309381
2025-11-09 09:28:21,769 - TelegramNotifier - INFO - ✅ Сообщение отправлено в Telegram
✅ Сервис перезапущен
🚀 Работаем в DEV среде: /opt/dev
✅ Создана директория: /opt/dev/ml/core
✅ Создана директория: /opt/dev/ml/ensemble
✅ Создана директория: /opt/dev/ml/features
✅ Создана директория: /opt/dev/ml/learning
✅ Создана директория: /opt/dev/ml/utils
✅ Создана директория: /opt/dev/services/auto_learning
✅ Создана директория: /opt/dev/services/telegram
✅ Создана директория: /opt/dev/services/monitoring
✅ Создана директория: /opt/dev/data/datasets
✅ Создана директория: /opt/dev/data/models
✅ Создана директория: /opt/dev/data/analytics
✅ Создана директория: /opt/dev/data/logs
🔄 Миграция данных из старой структуры в DEV...
📁 Файл уже существует в DEV: /opt/dev/data/models/simple_model.pth
📁 Файл уже существует в DEV: /opt/dev/data/datasets/dataset.json
📁 Файл уже существует в DEV: /opt/dev/data/analytics/service_state.json
📁 Файл уже существует в DEV: /opt/dev/services/telegram/telegram_config.json
🎯 Мигрировано файлов: 0/4
🔄 Миграция данных из старой структуры в DEV...
📁 Файл уже существует в DEV: /opt/dev/data/models/simple_model.pth
📁 Файл уже существует в DEV: /opt/dev/data/datasets/dataset.json
📁 Файл уже существует в DEV: /opt/dev/data/analytics/service_state.json
📁 Файл уже существует в DEV: /opt/dev/services/telegram/telegram_config.json
🎯 Мигрировано файлов: 0/4
⚠️  Обнаружен старый формат данных, используем обертку
2025-11-09 09:29:56 - ml_system - INFO - ✅ УСИЛЕННАЯ нейросеть загружена: /opt/dev/data/models/simple_model.pth
2025-11-09 09:29:56,900 - ml_system - INFO - ✅ УСИЛЕННАЯ нейросеть загружена: /opt/dev/data/models/simple_model.pth
2025-11-09 09:29:56 - ml_system - INFO - ✅ Модель автоматически загружена из новой архитектуры
2025-11-09 09:29:56,901 - ml_system - INFO - ✅ Модель автоматически загружена из новой архитектуры
2025-11-09 09:29:56 - ml_system - INFO - ✅ MLSystemAdapter успешно инициализирован с новой архитектурой
2025-11-09 09:29:56,901 - ml_system - INFO - ✅ MLSystemAdapter успешно инициализирован с новой архитектурой
2025-11-09 09:29:56,902 - AutoLearningService - INFO - ✅ AI система инициализирована через MLSystemAdapter
2025-11-09 09:29:56,903 - AutoLearningService - INFO - 📊 Синхронизирован last_processed_draw из info.json: 309381
2025-11-09 09:29:56,903 - AutoLearningService - INFO - 📦 Состояние сервиса загружено: активен=True, ошибок=0, тираж=309381
2025-11-09 09:29:56,903 - AutoLearningService - INFO - ✅ Сервис уже активен
✅ Сервис уже активен
🚀 Работаем в DEV среде: /opt/dev
✅ Создана директория: /opt/dev/ml/core
✅ Создана директория: /opt/dev/ml/ensemble
✅ Создана директория: /opt/dev/ml/features
✅ Создана директория: /opt/dev/ml/learning
✅ Создана директория: /opt/dev/ml/utils
✅ Создана директория: /opt/dev/services/auto_learning
✅ Создана директория: /opt/dev/services/telegram
✅ Создана директория: /opt/dev/services/monitoring
✅ Создана директория: /opt/dev/data/datasets
✅ Создана директория: /opt/dev/data/models
✅ Создана директория: /opt/dev/data/analytics
✅ Создана директория: /opt/dev/data/logs
🔄 Миграция данных из старой структуры в DEV...
📁 Файл уже существует в DEV: /opt/dev/data/models/simple_model.pth
📁 Файл уже существует в DEV: /opt/dev/data/datasets/dataset.json
📁 Файл уже существует в DEV: /opt/dev/data/analytics/service_state.json
📁 Файл уже существует в DEV: /opt/dev/services/telegram/telegram_config.json
🎯 Мигрировано файлов: 0/4
🔄 Миграция данных из старой структуры в DEV...
📁 Файл уже существует в DEV: /opt/dev/data/models/simple_model.pth
📁 Файл уже существует в DEV: /opt/dev/data/datasets/dataset.json
📁 Файл уже существует в DEV: /opt/dev/data/analytics/service_state.json
📁 Файл уже существует в DEV: /opt/dev/services/telegram/telegram_config.json
🎯 Мигрировано файлов: 0/4
⚠️  Обнаружен старый формат данных, используем обертку
2025-11-09 09:41:42 - ml_system - INFO - ✅ УСИЛЕННАЯ нейросеть загружена: /opt/dev/data/models/simple_model.pth
2025-11-09 09:41:42,127 - ml_system - INFO - ✅ УСИЛЕННАЯ нейросеть загружена: /opt/dev/data/models/simple_model.pth
2025-11-09 09:41:42 - ml_system - INFO - ✅ Модель автоматически загружена из новой архитектуры
2025-11-09 09:41:42,128 - ml_system - INFO - ✅ Модель автоматически загружена из новой архитектуры
2025-11-09 09:41:42 - ml_system - INFO - ✅ MLSystemAdapter успешно инициализирован с новой архитектурой
2025-11-09 09:41:42,128 - ml_system - INFO - ✅ MLSystemAdapter успешно инициализирован с новой архитектурой
2025-11-09 09:41:42,128 - AutoLearningService - INFO - ✅ AI система инициализирована через MLSystemAdapter
2025-11-09 09:41:42,130 - AutoLearningService - INFO - 📊 Синхронизирован last_processed_draw из info.json: 309381
2025-11-09 09:41:42,130 - AutoLearningService - INFO - 📦 Состояние сервиса загружено: активен=False, ошибок=0, тираж=309381
2025-11-09 09:41:42,130 - AutoLearningService - INFO - 🔄 Ручной перезапуск сервиса...
2025-11-09 09:41:42,130 - AutoLearningService - INFO - 💾 Состояние сохранено: тираж=309381
2025-11-09 09:41:42,361 - TelegramNotifier - INFO - ✅ Сообщение отправлено в Telegram
✅ Сервис перезапущен
🚀 Работаем в DEV среде: /opt/dev
✅ Создана директория: /opt/dev/ml/core
✅ Создана директория: /opt/dev/ml/ensemble
✅ Создана директория: /opt/dev/ml/features
✅ Создана директория: /opt/dev/ml/learning
✅ Создана директория: /opt/dev/ml/utils
✅ Создана директория: /opt/dev/services/auto_learning
✅ Создана директория: /opt/dev/services/telegram
✅ Создана директория: /opt/dev/services/monitoring
✅ Создана директория: /opt/dev/data/datasets
✅ Создана директория: /opt/dev/data/models
✅ Создана директория: /opt/dev/data/analytics
✅ Создана директория: /opt/dev/data/logs
🔄 Миграция данных из старой структуры в DEV...
📁 Файл уже существует в DEV: /opt/dev/data/models/simple_model.pth
📁 Файл уже существует в DEV: /opt/dev/data/datasets/dataset.json
📁 Файл уже существует в DEV: /opt/dev/data/analytics/service_state.json
📁 Файл уже существует в DEV: /opt/dev/services/telegram/telegram_config.json
🎯 Мигрировано файлов: 0/4
🔄 Миграция данных из старой структуры в DEV...
📁 Файл уже существует в DEV: /opt/dev/data/models/simple_model.pth
📁 Файл уже существует в DEV: /opt/dev/data/datasets/dataset.json
📁 Файл уже существует в DEV: /opt/dev/data/analytics/service_state.json
📁 Файл уже существует в DEV: /opt/dev/services/telegram/telegram_config.json
🎯 Мигрировано файлов: 0/4
⚠️  Обнаружен старый формат данных, используем обертку
2025-11-09 09:45:20 - ml_system - INFO - ✅ УСИЛЕННАЯ нейросеть загружена: /opt/dev/data/models/simple_model.pth
2025-11-09 09:45:20,557 - ml_system - INFO - ✅ УСИЛЕННАЯ нейросеть загружена: /opt/dev/data/models/simple_model.pth
2025-11-09 09:45:20 - ml_system - INFO - ✅ Модель автоматически загружена из новой архитектуры
2025-11-09 09:45:20,558 - ml_system - INFO - ✅ Модель автоматически загружена из новой архитектуры
2025-11-09 09:45:20 - ml_system - INFO - ✅ MLSystemAdapter успешно инициализирован с новой архитектурой
2025-11-09 09:45:20,558 - ml_system - INFO - ✅ MLSystemAdapter успешно инициализирован с новой архитектурой
2025-11-09 09:45:20,559 - AutoLearningService - INFO - ✅ AI система инициализирована через MLSystemAdapter
2025-11-09 09:45:20,560 - AutoLearningService - INFO - 📊 Синхронизирован last_processed_draw из info.json: 309383
2025-11-09 09:45:20,560 - AutoLearningService - INFO - 🔄 Обновляем service_state.json: 309381 -> 309383
2025-11-09 09:45:20,561 - AutoLearningService - INFO - 💾 Состояние сохранено: тираж=309383
2025-11-09 09:45:20,561 - AutoLearningService - INFO - 📦 Состояние сервиса загружено: активен=False, ошибок=0, тираж=309383
2025-11-09 09:45:20,561 - AutoLearningService - INFO - 🔄 Ручной перезапуск сервиса...
2025-11-09 09:45:20,562 - AutoLearningService - INFO - 💾 Состояние сохранено: тираж=309383
2025-11-09 09:45:20,797 - TelegramNotifier - INFO - ✅ Сообщение отправлено в Telegram
✅ Сервис перезапущен
